<?xml version="1.0" encoding="UTF-8"?>
<!-- Generated by org.testng.reporters.JUnitXMLReporter -->
<testsuite ignored="4" hostname="LAPTOP-47KEHV7J" failures="1" tests="6" name="TestRunner1" time="106.751" errors="0" timestamp="2023-04-14T23:17:19 IST">
  <testcase classname="Campaigns.CreateCampaignsTest" name="CreateCampaignsTest" time="31.571"/>
  <testcase classname="Organization.CreateOrganizationTest" name="CreateOrganization" time="5.728">
    <skipped/>
  </testcase> <!-- CreateOrganization -->
  <testcase classname="Organization.CreateOrganizationTest" name="CreateOrganization" time="4.931">
    <skipped/>
  </testcase> <!-- CreateOrganization -->
  <testcase classname="Organization.CreateOrganizationTest" name="CreateOrganization" time="4.943">
    <skipped/>
  </testcase> <!-- CreateOrganization -->
  <testcase classname="Organization.CreateOrganizationTest" name="CreateOrganization" time="3.98">
    <skipped/>
  </testcase> <!-- CreateOrganization -->
  <testcase classname="Organization.CreateOrganizationTest" name="CreateOrganization" time="4.239">
    <failure type="java.lang.AssertionError" message="expected [true] but found [false]">
      <![CDATA[java.lang.AssertionError: expected [true] but found [false]
at Organization.CreateOrganizationTest.CreateOrganization(CreateOrganizationTest.java:41)
at java.base/java.util.ArrayList.forEach(ArrayList.java:1511)
at java.base/java.util.concurrent.FutureTask.run(FutureTask.java:264)
at java.base/java.util.concurrent.ThreadPoolExecutor.runWorker(ThreadPoolExecutor.java:1136)
at java.base/java.util.concurrent.ThreadPoolExecutor$Worker.run(ThreadPoolExecutor.java:635)
at java.base/java.lang.Thread.run(Thread.java:833)
... Removed 24 stack frames]]>
    </failure>
  </testcase> <!-- CreateOrganization -->
  <testcase classname="Generic_Utility.BasClass" name="@BeforeTest BT" time="0.0">
    <ignored/>
  </testcase> <!-- @BeforeTest BT -->
  <testcase classname="Generic_Utility.BasClass" name="@AfterSuite AS" time="0.0">
    <ignored/>
  </testcase> <!-- @AfterSuite AS -->
  <testcase classname="Generic_Utility.BasClass" name="@BeforeSuite BS" time="0.0">
    <ignored/>
  </testcase> <!-- @BeforeSuite BS -->
  <testcase classname="Generic_Utility.BasClass" name="@AfterTest AT" time="0.0">
    <ignored/>
  </testcase> <!-- @AfterTest AT -->
</testsuite> <!-- TestRunner1 -->
