<?xml version="1.0" encoding="UTF-8"?>
<!-- Generated by org.testng.reporters.JUnitXMLReporter -->
<testsuite ignored="0" hostname="LAPTOP-47KEHV7J" failures="0" tests="1" name="TestRunner3" time="7.694" errors="0" timestamp="2023-10-15T15:30:11 IST">
  <testcase classname="Generic_Utility.BasClass" name="@BeforeClass BC" time="7.396">
    <failure type="org.openqa.selenium.SessionNotCreatedException" message="session not created: This version of ChromeDriver only supports Chrome version 114
Current browser version is 118.0.5993.71 with binary path C:\Program Files\Google\Chrome\Application\chrome.exe
Build info: version: &amp;apos;3.141.59&amp;apos;, revision: &amp;apos;e82be7d358&amp;apos;, time: &amp;apos;2018-11-14T08:17:03&amp;apos;
System info: host: &amp;apos;LAPTOP-47KEHV7J&amp;apos;, ip: &amp;apos;192.168.52.236&amp;apos;, os.name: &amp;apos;Windows 10&amp;apos;, os.arch: &amp;apos;amd64&amp;apos;, os.version: &amp;apos;10.0&amp;apos;, java.version: &amp;apos;17.0.1&amp;apos;
Driver info: driver.version: ChromeDriver
remote stacktrace: Backtrace:
	GetHandleVerifier [0x0045A813+48355]
	(No symbol) [0x003EC4B1]
	(No symbol) [0x002F5358]
	(No symbol) [0x003161AC]
	(No symbol) [0x00311EF3]
	(No symbol) [0x00310579]
	(No symbol) [0x00340C55]
	(No symbol) [0x0034093C]
	(No symbol) [0x0033A536]
	(No symbol) [0x003182DC]
	(No symbol) [0x003193DD]
	GetHandleVerifier [0x006BAABD+2539405]
	GetHandleVerifier [0x006FA78F+2800735]
	GetHandleVerifier [0x006F456C+2775612]
	GetHandleVerifier [0x004E51E0+616112]
	(No symbol) [0x003F5F8C]
	(No symbol) [0x003F2328]
	(No symbol) [0x003F240B]
	(No symbol) [0x003E4FF7]
	BaseThreadInitThunk [0x766A7BA9+25]
	RtlInitializeExceptionChain [0x77A7B79B+107]
	RtlClearBits [0x77A7B71F+191]
">
      <![CDATA[org.openqa.selenium.SessionNotCreatedException: session not created: This version of ChromeDriver only supports Chrome version 114
Current browser version is 118.0.5993.71 with binary path C:\Program Files\Google\Chrome\Application\chrome.exe
Build info: version: '3.141.59', revision: 'e82be7d358', time: '2018-11-14T08:17:03'
System info: host: 'LAPTOP-47KEHV7J', ip: '192.168.52.236', os.name: 'Windows 10', os.arch: 'amd64', os.version: '10.0', java.version: '17.0.1'
Driver info: driver.version: ChromeDriver
remote stacktrace: Backtrace:
GetHandleVerifier [0x0045A813+48355]
(No symbol) [0x003EC4B1]
(No symbol) [0x002F5358]
(No symbol) [0x003161AC]
(No symbol) [0x00311EF3]
(No symbol) [0x00310579]
(No symbol) [0x00340C55]
(No symbol) [0x0034093C]
(No symbol) [0x0033A536]
(No symbol) [0x003182DC]
(No symbol) [0x003193DD]
GetHandleVerifier [0x006BAABD+2539405]
GetHandleVerifier [0x006FA78F+2800735]
GetHandleVerifier [0x006F456C+2775612]
GetHandleVerifier [0x004E51E0+616112]
(No symbol) [0x003F5F8C]
(No symbol) [0x003F2328]
(No symbol) [0x003F240B]
(No symbol) [0x003E4FF7]
BaseThreadInitThunk [0x766A7BA9+25]
RtlInitializeExceptionChain [0x77A7B79B+107]
RtlClearBits [0x77A7B71F+191]

at org.openqa.selenium.remote.W3CHandshakeResponse.lambda$errorHandler$0(W3CHandshakeResponse.java:62)
at org.openqa.selenium.remote.HandshakeResponse.lambda$getResponseFunction$0(HandshakeResponse.java:30)
at org.openqa.selenium.remote.ProtocolHandshake.lambda$createSession$0(ProtocolHandshake.java:126)
at java.base/java.util.stream.ReferencePipeline$3$1.accept(ReferencePipeline.java:197)
at java.base/java.util.Spliterators$ArraySpliterator.tryAdvance(Spliterators.java:1002)
at java.base/java.util.stream.ReferencePipeline.forEachWithCancel(ReferencePipeline.java:129)
at java.base/java.util.stream.AbstractPipeline.copyIntoWithCancel(AbstractPipeline.java:527)
at java.base/java.util.stream.AbstractPipeline.copyInto(AbstractPipeline.java:513)
at java.base/java.util.stream.AbstractPipeline.wrapAndCopyInto(AbstractPipeline.java:499)
at java.base/java.util.stream.FindOps$FindOp.evaluateSequential(FindOps.java:150)
at java.base/java.util.stream.AbstractPipeline.evaluate(AbstractPipeline.java:234)
at java.base/java.util.stream.ReferencePipeline.findFirst(ReferencePipeline.java:647)
at org.openqa.selenium.remote.ProtocolHandshake.createSession(ProtocolHandshake.java:128)
at org.openqa.selenium.remote.ProtocolHandshake.createSession(ProtocolHandshake.java:74)
at org.openqa.selenium.remote.HttpCommandExecutor.execute(HttpCommandExecutor.java:136)
at org.openqa.selenium.remote.service.DriverCommandExecutor.execute(DriverCommandExecutor.java:83)
at org.openqa.selenium.remote.RemoteWebDriver.execute(RemoteWebDriver.java:552)
at org.openqa.selenium.remote.RemoteWebDriver.startSession(RemoteWebDriver.java:213)
at org.openqa.selenium.remote.RemoteWebDriver.<init>(RemoteWebDriver.java:131)
at org.openqa.selenium.chrome.ChromeDriver.<init>(ChromeDriver.java:181)
at org.openqa.selenium.chrome.ChromeDriver.<init>(ChromeDriver.java:168)
at org.openqa.selenium.chrome.ChromeDriver.<init>(ChromeDriver.java:123)
at Generic_Utility.BasClass.BC(BasClass.java:44)
at java.base/java.util.ArrayList.forEach(ArrayList.java:1511)
at java.base/java.util.concurrent.FutureTask.run(FutureTask.java:264)
at java.base/java.util.concurrent.ThreadPoolExecutor.runWorker(ThreadPoolExecutor.java:1136)
at java.base/java.util.concurrent.ThreadPoolExecutor$Worker.run(ThreadPoolExecutor.java:635)
at java.base/java.lang.Thread.run(Thread.java:833)
... Removed 21 stack frames]]>
    </failure>
  </testcase> <!-- @BeforeClass BC -->
  <testcase classname="Generic_Utility.BasClass" name="@BeforeMethod BM" time="-1.697364011309E9">
    <skipped/>
  </testcase> <!-- @BeforeMethod BM -->
  <testcase classname="Generic_Utility.BasClass" name="@AfterMethod AM" time="-1.697364011329E9">
    <skipped/>
  </testcase> <!-- @AfterMethod AM -->
  <testcase classname="Generic_Utility.BasClass" name="@AfterClass AC" time="-1.697364011334E9">
    <skipped/>
  </testcase> <!-- @AfterClass AC -->
  <testcase classname="Generic_Utility.BasClass" name="@BeforeClass BC" time="7.61">
    <failure type="org.openqa.selenium.SessionNotCreatedException" message="session not created: This version of ChromeDriver only supports Chrome version 114
Current browser version is 118.0.5993.71 with binary path C:\Program Files\Google\Chrome\Application\chrome.exe
Build info: version: &amp;apos;3.141.59&amp;apos;, revision: &amp;apos;e82be7d358&amp;apos;, time: &amp;apos;2018-11-14T08:17:03&amp;apos;
System info: host: &amp;apos;LAPTOP-47KEHV7J&amp;apos;, ip: &amp;apos;192.168.52.236&amp;apos;, os.name: &amp;apos;Windows 10&amp;apos;, os.arch: &amp;apos;amd64&amp;apos;, os.version: &amp;apos;10.0&amp;apos;, java.version: &amp;apos;17.0.1&amp;apos;
Driver info: driver.version: ChromeDriver
remote stacktrace: Backtrace:
	GetHandleVerifier [0x0045A813+48355]
	(No symbol) [0x003EC4B1]
	(No symbol) [0x002F5358]
	(No symbol) [0x003161AC]
	(No symbol) [0x00311EF3]
	(No symbol) [0x00310579]
	(No symbol) [0x00340C55]
	(No symbol) [0x0034093C]
	(No symbol) [0x0033A536]
	(No symbol) [0x003182DC]
	(No symbol) [0x003193DD]
	GetHandleVerifier [0x006BAABD+2539405]
	GetHandleVerifier [0x006FA78F+2800735]
	GetHandleVerifier [0x006F456C+2775612]
	GetHandleVerifier [0x004E51E0+616112]
	(No symbol) [0x003F5F8C]
	(No symbol) [0x003F2328]
	(No symbol) [0x003F240B]
	(No symbol) [0x003E4FF7]
	BaseThreadInitThunk [0x766A7BA9+25]
	RtlInitializeExceptionChain [0x77A7B79B+107]
	RtlClearBits [0x77A7B71F+191]
">
      <![CDATA[org.openqa.selenium.SessionNotCreatedException: session not created: This version of ChromeDriver only supports Chrome version 114
Current browser version is 118.0.5993.71 with binary path C:\Program Files\Google\Chrome\Application\chrome.exe
Build info: version: '3.141.59', revision: 'e82be7d358', time: '2018-11-14T08:17:03'
System info: host: 'LAPTOP-47KEHV7J', ip: '192.168.52.236', os.name: 'Windows 10', os.arch: 'amd64', os.version: '10.0', java.version: '17.0.1'
Driver info: driver.version: ChromeDriver
remote stacktrace: Backtrace:
GetHandleVerifier [0x0045A813+48355]
(No symbol) [0x003EC4B1]
(No symbol) [0x002F5358]
(No symbol) [0x003161AC]
(No symbol) [0x00311EF3]
(No symbol) [0x00310579]
(No symbol) [0x00340C55]
(No symbol) [0x0034093C]
(No symbol) [0x0033A536]
(No symbol) [0x003182DC]
(No symbol) [0x003193DD]
GetHandleVerifier [0x006BAABD+2539405]
GetHandleVerifier [0x006FA78F+2800735]
GetHandleVerifier [0x006F456C+2775612]
GetHandleVerifier [0x004E51E0+616112]
(No symbol) [0x003F5F8C]
(No symbol) [0x003F2328]
(No symbol) [0x003F240B]
(No symbol) [0x003E4FF7]
BaseThreadInitThunk [0x766A7BA9+25]
RtlInitializeExceptionChain [0x77A7B79B+107]
RtlClearBits [0x77A7B71F+191]

at org.openqa.selenium.remote.W3CHandshakeResponse.lambda$errorHandler$0(W3CHandshakeResponse.java:62)
at org.openqa.selenium.remote.HandshakeResponse.lambda$getResponseFunction$0(HandshakeResponse.java:30)
at org.openqa.selenium.remote.ProtocolHandshake.lambda$createSession$0(ProtocolHandshake.java:126)
at java.base/java.util.stream.ReferencePipeline$3$1.accept(ReferencePipeline.java:197)
at java.base/java.util.Spliterators$ArraySpliterator.tryAdvance(Spliterators.java:1002)
at java.base/java.util.stream.ReferencePipeline.forEachWithCancel(ReferencePipeline.java:129)
at java.base/java.util.stream.AbstractPipeline.copyIntoWithCancel(AbstractPipeline.java:527)
at java.base/java.util.stream.AbstractPipeline.copyInto(AbstractPipeline.java:513)
at java.base/java.util.stream.AbstractPipeline.wrapAndCopyInto(AbstractPipeline.java:499)
at java.base/java.util.stream.FindOps$FindOp.evaluateSequential(FindOps.java:150)
at java.base/java.util.stream.AbstractPipeline.evaluate(AbstractPipeline.java:234)
at java.base/java.util.stream.ReferencePipeline.findFirst(ReferencePipeline.java:647)
at org.openqa.selenium.remote.ProtocolHandshake.createSession(ProtocolHandshake.java:128)
at org.openqa.selenium.remote.ProtocolHandshake.createSession(ProtocolHandshake.java:74)
at org.openqa.selenium.remote.HttpCommandExecutor.execute(HttpCommandExecutor.java:136)
at org.openqa.selenium.remote.service.DriverCommandExecutor.execute(DriverCommandExecutor.java:83)
at org.openqa.selenium.remote.RemoteWebDriver.execute(RemoteWebDriver.java:552)
at org.openqa.selenium.remote.RemoteWebDriver.startSession(RemoteWebDriver.java:213)
at org.openqa.selenium.remote.RemoteWebDriver.<init>(RemoteWebDriver.java:131)
at org.openqa.selenium.chrome.ChromeDriver.<init>(ChromeDriver.java:181)
at org.openqa.selenium.chrome.ChromeDriver.<init>(ChromeDriver.java:168)
at org.openqa.selenium.chrome.ChromeDriver.<init>(ChromeDriver.java:123)
at Generic_Utility.BasClass.BC(BasClass.java:44)
at java.base/java.util.ArrayList.forEach(ArrayList.java:1511)
at java.base/java.util.concurrent.FutureTask.run(FutureTask.java:264)
at java.base/java.util.concurrent.ThreadPoolExecutor.runWorker(ThreadPoolExecutor.java:1136)
at java.base/java.util.concurrent.ThreadPoolExecutor$Worker.run(ThreadPoolExecutor.java:635)
at java.base/java.lang.Thread.run(Thread.java:833)
... Removed 21 stack frames]]>
    </failure>
  </testcase> <!-- @BeforeClass BC -->
  <testcase classname="Generic_Utility.BasClass" name="@BeforeMethod BM" time="-1.697364011475E9">
    <skipped/>
  </testcase> <!-- @BeforeMethod BM -->
  <testcase classname="Generic_Utility.BasClass" name="@AfterMethod AM" time="-1.697364011482E9">
    <skipped/>
  </testcase> <!-- @AfterMethod AM -->
  <testcase classname="Generic_Utility.BasClass" name="@AfterClass AC" time="-1.697364011485E9">
    <skipped/>
  </testcase> <!-- @AfterClass AC -->
  <testcase classname="Product.CreateAndDeleteProducTestt" name="CreateAndDeleteProduct" time="0.0">
    <skipped/>
  </testcase> <!-- CreateAndDeleteProduct -->
</testsuite> <!-- TestRunner3 -->
